<?xml version="1.0" encoding="UTF-8"?>
<!-- Generated by org.testng.reporters.JUnitXMLReporter -->
<testsuite ignored="6" hostname="Nitisha-PC" failures="0" tests="5" name="Android_Emulator_5556" time="117.273" errors="0" timestamp="2026-03-04T22:21:19 CST">
  <testcase classname="TestCases.LetsShop" name="TestLetsShop" time="7.742"/>
  <testcase classname="TestCases.LetsShop" name="TestLetsShop" time="8.108"/>
  <testcase classname="TestCases.LetsShop" name="TestLetsShop" time="8.154"/>
  <testcase classname="TestCases.LetsShop" name="TestLetsShop" time="8.385"/>
  <testcase classname="TestCases.LetsShop" name="TestLetsShop" time="9.441"/>
  <testcase classname="TestCases.CompletePurchase" name="TestCompletePurchase" time="0.0">
    <ignored/>
  </testcase> <!-- TestCompletePurchase -->
  <testcase classname="TestCases.TermsAndConditions" name="TestTermsAndConditions" time="0.0">
    <ignored/>
  </testcase> <!-- TestTermsAndConditions -->
  <testcase classname="TestCases.ValidateToastMessage" name="TestToastMessage" time="0.0">
    <ignored/>
  </testcase> <!-- TestToastMessage -->
  <testcase classname="TestCases.AddToCart" name="TestAddtoCart" time="0.0">
    <ignored/>
  </testcase> <!-- TestAddtoCart -->
  <testcase classname="TestCases.ShopSelectingUS" name="ShopSelectingUSTest" time="0.0">
    <ignored/>
  </testcase> <!-- ShopSelectingUSTest -->
  <testcase classname="TestCases.LaunchApp" name="LaunchAppTest" time="0.0">
    <ignored/>
  </testcase> <!-- LaunchAppTest -->
</testsuite> <!-- Android_Emulator_5556 -->
