<?xml version="1.0" encoding="UTF-8"?>
<!-- Generated by org.testng.reporters.JUnitXMLReporter -->
<testsuite ignored="0" hostname="Nitisha-PC" failures="3" tests="11" name="AndroidDevice2Test" time="67.799" errors="0" timestamp="2026-03-03T16:39:26 CST">
  <testcase classname="TestCases.LetsShop" name="TestLetsShop" time="0.0">
    <skipped/>
  </testcase> <!-- TestLetsShop -->
  <testcase classname="TestCases.LetsShop" name="TestLetsShop" time="0.0">
    <skipped/>
  </testcase> <!-- TestLetsShop -->
  <testcase classname="TestCases.LetsShop" name="TestLetsShop" time="0.0">
    <skipped/>
  </testcase> <!-- TestLetsShop -->
  <testcase classname="TestCases.LetsShop" name="TestLetsShop" time="0.0">
    <skipped/>
  </testcase> <!-- TestLetsShop -->
  <testcase classname="TestCases.LetsShop" name="TestLetsShop" time="0.0">
    <skipped/>
  </testcase> <!-- TestLetsShop -->
  <testcase classname="TestCases.CompletePurchase" name="TestCompletePurchase" time="1.94">
    <failure type="org.openqa.selenium.WebDriverException" message="Could not proxy command to the remote server. Original error: socket hang up
Build info: version: &amp;apos;4.41.0&amp;apos;, revision: &amp;apos;9fc754f&amp;apos;
System info: os.name: &amp;apos;Windows 11&amp;apos;, os.arch: &amp;apos;amd64&amp;apos;, os.version: &amp;apos;10.0&amp;apos;, java.version: &amp;apos;21.0.8&amp;apos;
Driver info: io.appium.java_client.android.AndroidDriver
Command: [fa5c463d-71b1-4d63-a199-04e608d49e20, findElement {using=id, value=com.androidsample.generalstore:id/nameField}]
Capabilities {appium:app: C://Users//nitis//eclipse-w..., appium:appActivity: com.androidsample.generalst..., appium:appPackage: com.androidsample.generalstore, appium:automationName: UIAutomator2, appium:chromedriverExecutable: C://Users//nitis//Downloads..., appium:databaseEnabled: false, appium:desired: {app: C://Users//nitis//eclipse-w..., automationName: UIAutomator2, chromedriverExecutable: C://Users//nitis//Downloads..., deviceName: emulator-5554, platformName: ANDROID, systemPort: 8201}, appium:deviceApiLevel: 36, appium:deviceManufacturer: Google, appium:deviceModel: sdk_gphone64_x86_64, appium:deviceName: emulator-5554, appium:deviceScreenDensity: 420, appium:deviceScreenSize: 1080x2424, appium:deviceUDID: emulator-5554, appium:javascriptEnabled: true, appium:locationContextEnabled: false, appium:networkConnectionEnabled: true, appium:pixelRatio: 2.625, appium:platformVersion: 16, appium:statBarHeight: 137, appium:systemPort: 8201, appium:takesScreenshot: true, appium:viewportRect: {height: 2287, left: 0, top: 137, width: 1080}, appium:warnings: {}, appium:webStorageEnabled: false, platformName: ANDROID}
Session ID: fa5c463d-71b1-4d63-a199-04e608d49e20">
      <![CDATA[org.openqa.selenium.WebDriverException: Could not proxy command to the remote server. Original error: socket hang up
Build info: version: '4.41.0', revision: '9fc754f'
System info: os.name: 'Windows 11', os.arch: 'amd64', os.version: '10.0', java.version: '21.0.8'
Driver info: io.appium.java_client.android.AndroidDriver
Command: [fa5c463d-71b1-4d63-a199-04e608d49e20, findElement {using=id, value=com.androidsample.generalstore:id/nameField}]
Capabilities {appium:app: C://Users//nitis//eclipse-w..., appium:appActivity: com.androidsample.generalst..., appium:appPackage: com.androidsample.generalstore, appium:automationName: UIAutomator2, appium:chromedriverExecutable: C://Users//nitis//Downloads..., appium:databaseEnabled: false, appium:desired: {app: C://Users//nitis//eclipse-w..., automationName: UIAutomator2, chromedriverExecutable: C://Users//nitis//Downloads..., deviceName: emulator-5554, platformName: ANDROID, systemPort: 8201}, appium:deviceApiLevel: 36, appium:deviceManufacturer: Google, appium:deviceModel: sdk_gphone64_x86_64, appium:deviceName: emulator-5554, appium:deviceScreenDensity: 420, appium:deviceScreenSize: 1080x2424, appium:deviceUDID: emulator-5554, appium:javascriptEnabled: true, appium:locationContextEnabled: false, appium:networkConnectionEnabled: true, appium:pixelRatio: 2.625, appium:platformVersion: 16, appium:statBarHeight: 137, appium:systemPort: 8201, appium:takesScreenshot: true, appium:viewportRect: {height: 2287, left: 0, top: 137, width: 1080}, appium:warnings: {}, appium:webStorageEnabled: false, platformName: ANDROID}
Session ID: fa5c463d-71b1-4d63-a199-04e608d49e20
at org.openqa.selenium.remote.ErrorCodec.decode(ErrorCodec.java:169)
at org.openqa.selenium.remote.codec.w3c.W3CHttpResponseCodec.decode(W3CHttpResponseCodec.java:142)
at org.openqa.selenium.remote.codec.w3c.W3CHttpResponseCodec.decode(W3CHttpResponseCodec.java:49)
at org.openqa.selenium.remote.HttpCommandExecutor.execute(HttpCommandExecutor.java:223)
at io.appium.java_client.remote.AppiumCommandExecutor.execute(AppiumCommandExecutor.java:243)
at org.openqa.selenium.remote.RemoteWebDriver.execute(RemoteWebDriver.java:604)
at org.openqa.selenium.remote.ElementLocation$ElementFinder$2.findElement(ElementLocation.java:166)
at org.openqa.selenium.remote.ElementLocation.findElement(ElementLocation.java:67)
at org.openqa.selenium.remote.RemoteWebDriver.findElement(RemoteWebDriver.java:427)
at org.openqa.selenium.remote.RemoteWebDriver.findElement(RemoteWebDriver.java:421)
at io.appium.java_client.pagefactory.bys.builder.ByChained.lambda$getSearchingFunction$0(ByChained.java:41)
at org.openqa.selenium.support.ui.FluentWait.until(FluentWait.java:209)
at io.appium.java_client.pagefactory.bys.builder.ByChained.findElement(ByChained.java:72)
at org.openqa.selenium.remote.ElementLocation$ElementFinder$1.findElement(ElementLocation.java:140)
at org.openqa.selenium.remote.ElementLocation.findElement(ElementLocation.java:82)
at org.openqa.selenium.remote.RemoteWebDriver.findElement(RemoteWebDriver.java:427)
at org.openqa.selenium.remote.RemoteWebDriver.findElement(RemoteWebDriver.java:421)
at io.appium.java_client.pagefactory.bys.ContentMappedBy.findElement(ContentMappedBy.java:54)
at org.openqa.selenium.remote.ElementLocation$ElementFinder$1.findElement(ElementLocation.java:140)
at org.openqa.selenium.remote.ElementLocation.findElement(ElementLocation.java:82)
at org.openqa.selenium.remote.RemoteWebDriver.findElement(RemoteWebDriver.java:427)
at org.openqa.selenium.remote.RemoteWebDriver.findElement(RemoteWebDriver.java:421)
at io.appium.java_client.pagefactory.AppiumElementLocator.lambda$findElement$1(AppiumElementLocator.java:160)
at io.appium.java_client.pagefactory.AppiumElementLocator$WaitingFunction.apply(AppiumElementLocator.java:217)
at io.appium.java_client.pagefactory.AppiumElementLocator$WaitingFunction.apply(AppiumElementLocator.java:210)
at org.openqa.selenium.support.ui.FluentWait.until(FluentWait.java:209)
at io.appium.java_client.pagefactory.AppiumElementLocator.waitFor(AppiumElementLocator.java:135)
at io.appium.java_client.pagefactory.AppiumElementLocator.findElement(AppiumElementLocator.java:160)
at io.appium.java_client.pagefactory.interceptors.InterceptorOfASingleElement.call(InterceptorOfASingleElement.java:74)
at io.appium.java_client.proxy.Interceptor.intercept(Interceptor.java:78)
at org.openqa.selenium.remote.RemoteWebElement$ByteBuddy$HdVIUJn7.sendKeys(Unknown Source)
at PageObjects.HomePage.EnterName(HomePage.java:60)
at TestCases.CompletePurchase.TestCompletePurchase(CompletePurchase.java:21)
at java.base/java.util.concurrent.Executors$RunnableAdapter.call(Executors.java:572)
at java.base/java.util.concurrent.FutureTask.run(FutureTask.java:317)
at java.base/java.util.concurrent.ThreadPoolExecutor.runWorker(ThreadPoolExecutor.java:1144)
at java.base/java.util.concurrent.ThreadPoolExecutor$Worker.run(ThreadPoolExecutor.java:642)
at java.base/java.lang.Thread.run(Thread.java:1583)
... Removed 11 stack frames]]>
    </failure>
  </testcase> <!-- TestCompletePurchase -->
  <testcase classname="TestCases.LaunchApp" name="LaunchAppTest" time="0.0">
    <skipped/>
  </testcase> <!-- LaunchAppTest -->
  <testcase classname="TestCases.TermsAndConditions" name="TestTermsAndConditions" time="0.0">
    <skipped/>
  </testcase> <!-- TestTermsAndConditions -->
  <testcase classname="TestCases.ShopSelectingUS" name="ShopSelectingUSTest" time="0.016">
    <failure type="org.openqa.selenium.WebDriverException" message="&amp;apos;POST /element&amp;apos; cannot be proxied to UiAutomator2 server because the instrumentation process is not running (probably crashed). Check the server log and/or the logcat output for more details
Build info: version: &amp;apos;4.41.0&amp;apos;, revision: &amp;apos;9fc754f&amp;apos;
System info: os.name: &amp;apos;Windows 11&amp;apos;, os.arch: &amp;apos;amd64&amp;apos;, os.version: &amp;apos;10.0&amp;apos;, java.version: &amp;apos;21.0.8&amp;apos;
Driver info: io.appium.java_client.android.AndroidDriver
Command: [241cabc6-6481-4c8c-85bc-c447909a04c8, findElement {using=-android uiautomator, value=new UiScrollable(new UiSelector().scrollable(true)).scrollTextIntoView(&amp;quot;United States&amp;quot;)}]
Capabilities {appium:app: C://Users//nitis//eclipse-w..., appium:appActivity: com.androidsample.generalst..., appium:appPackage: com.androidsample.generalstore, appium:automationName: UIAutomator2, appium:chromedriverExecutable: C://Users//nitis//Downloads..., appium:databaseEnabled: false, appium:desired: {app: C://Users//nitis//eclipse-w..., automationName: UIAutomator2, chromedriverExecutable: C://Users//nitis//Downloads..., deviceName: emulator-5554, platformName: ANDROID, systemPort: 8201}, appium:deviceName: emulator-5554, appium:deviceUDID: emulator-5554, appium:javascriptEnabled: true, appium:locationContextEnabled: false, appium:networkConnectionEnabled: true, appium:systemPort: 8201, appium:takesScreenshot: true, appium:warnings: {}, appium:webStorageEnabled: false, platformName: ANDROID}
Session ID: 241cabc6-6481-4c8c-85bc-c447909a04c8">
      <![CDATA[org.openqa.selenium.WebDriverException: 'POST /element' cannot be proxied to UiAutomator2 server because the instrumentation process is not running (probably crashed). Check the server log and/or the logcat output for more details
Build info: version: '4.41.0', revision: '9fc754f'
System info: os.name: 'Windows 11', os.arch: 'amd64', os.version: '10.0', java.version: '21.0.8'
Driver info: io.appium.java_client.android.AndroidDriver
Command: [241cabc6-6481-4c8c-85bc-c447909a04c8, findElement {using=-android uiautomator, value=new UiScrollable(new UiSelector().scrollable(true)).scrollTextIntoView("United States")}]
Capabilities {appium:app: C://Users//nitis//eclipse-w..., appium:appActivity: com.androidsample.generalst..., appium:appPackage: com.androidsample.generalstore, appium:automationName: UIAutomator2, appium:chromedriverExecutable: C://Users//nitis//Downloads..., appium:databaseEnabled: false, appium:desired: {app: C://Users//nitis//eclipse-w..., automationName: UIAutomator2, chromedriverExecutable: C://Users//nitis//Downloads..., deviceName: emulator-5554, platformName: ANDROID, systemPort: 8201}, appium:deviceName: emulator-5554, appium:deviceUDID: emulator-5554, appium:javascriptEnabled: true, appium:locationContextEnabled: false, appium:networkConnectionEnabled: true, appium:systemPort: 8201, appium:takesScreenshot: true, appium:warnings: {}, appium:webStorageEnabled: false, platformName: ANDROID}
Session ID: 241cabc6-6481-4c8c-85bc-c447909a04c8
at org.openqa.selenium.remote.ErrorCodec.decode(ErrorCodec.java:169)
at org.openqa.selenium.remote.codec.w3c.W3CHttpResponseCodec.decode(W3CHttpResponseCodec.java:142)
at org.openqa.selenium.remote.codec.w3c.W3CHttpResponseCodec.decode(W3CHttpResponseCodec.java:49)
at org.openqa.selenium.remote.HttpCommandExecutor.execute(HttpCommandExecutor.java:223)
at io.appium.java_client.remote.AppiumCommandExecutor.execute(AppiumCommandExecutor.java:243)
at org.openqa.selenium.remote.RemoteWebDriver.execute(RemoteWebDriver.java:604)
at org.openqa.selenium.remote.ElementLocation$ElementFinder$2.findElement(ElementLocation.java:166)
at org.openqa.selenium.remote.ElementLocation.findElement(ElementLocation.java:67)
at org.openqa.selenium.remote.RemoteWebDriver.findElement(RemoteWebDriver.java:427)
at org.openqa.selenium.remote.RemoteWebDriver.findElement(RemoteWebDriver.java:421)
at PageObjects.BasePage.scrollToText(BasePage.java:30)
at TestCases.ShopSelectingUS.ShopSelectingUSTest(ShopSelectingUS.java:14)
at java.base/java.util.concurrent.Executors$RunnableAdapter.call(Executors.java:572)
at java.base/java.util.concurrent.FutureTask.run(FutureTask.java:317)
at java.base/java.util.concurrent.ThreadPoolExecutor.runWorker(ThreadPoolExecutor.java:1144)
at java.base/java.util.concurrent.ThreadPoolExecutor$Worker.run(ThreadPoolExecutor.java:642)
at java.base/java.lang.Thread.run(Thread.java:1583)
... Removed 11 stack frames]]>
    </failure>
  </testcase> <!-- ShopSelectingUSTest -->
  <testcase classname="TestCases.AddToCart" name="TestAddtoCart" time="0.049">
    <failure type="org.openqa.selenium.WebDriverException" message="Could not proxy command to the remote server. Original error: socket hang up
Build info: version: &amp;apos;4.41.0&amp;apos;, revision: &amp;apos;9fc754f&amp;apos;
System info: os.name: &amp;apos;Windows 11&amp;apos;, os.arch: &amp;apos;amd64&amp;apos;, os.version: &amp;apos;10.0&amp;apos;, java.version: &amp;apos;21.0.8&amp;apos;
Driver info: io.appium.java_client.android.AndroidDriver
Command: [cec9b32f-7245-4915-b46e-c038e6832780, findElement {using=id, value=com.androidsample.generalstore:id/nameField}]
Capabilities {appium:app: C://Users//nitis//eclipse-w..., appium:appActivity: com.androidsample.generalst..., appium:appPackage: com.androidsample.generalstore, appium:automationName: UIAutomator2, appium:chromedriverExecutable: C://Users//nitis//Downloads..., appium:databaseEnabled: false, appium:desired: {app: C://Users//nitis//eclipse-w..., automationName: UIAutomator2, chromedriverExecutable: C://Users//nitis//Downloads..., deviceName: emulator-5554, platformName: ANDROID, systemPort: 8201}, appium:deviceApiLevel: 36, appium:deviceManufacturer: Google, appium:deviceModel: sdk_gphone64_x86_64, appium:deviceName: emulator-5554, appium:deviceScreenDensity: 420, appium:deviceScreenSize: 1080x2424, appium:deviceUDID: emulator-5554, appium:javascriptEnabled: true, appium:locationContextEnabled: false, appium:networkConnectionEnabled: true, appium:pixelRatio: 2.625, appium:platformVersion: 16, appium:statBarHeight: 137, appium:systemPort: 8201, appium:takesScreenshot: true, appium:viewportRect: {height: 2287, left: 0, top: 137, width: 1080}, appium:warnings: {}, appium:webStorageEnabled: false, platformName: ANDROID}
Session ID: cec9b32f-7245-4915-b46e-c038e6832780">
      <![CDATA[org.openqa.selenium.WebDriverException: Could not proxy command to the remote server. Original error: socket hang up
Build info: version: '4.41.0', revision: '9fc754f'
System info: os.name: 'Windows 11', os.arch: 'amd64', os.version: '10.0', java.version: '21.0.8'
Driver info: io.appium.java_client.android.AndroidDriver
Command: [cec9b32f-7245-4915-b46e-c038e6832780, findElement {using=id, value=com.androidsample.generalstore:id/nameField}]
Capabilities {appium:app: C://Users//nitis//eclipse-w..., appium:appActivity: com.androidsample.generalst..., appium:appPackage: com.androidsample.generalstore, appium:automationName: UIAutomator2, appium:chromedriverExecutable: C://Users//nitis//Downloads..., appium:databaseEnabled: false, appium:desired: {app: C://Users//nitis//eclipse-w..., automationName: UIAutomator2, chromedriverExecutable: C://Users//nitis//Downloads..., deviceName: emulator-5554, platformName: ANDROID, systemPort: 8201}, appium:deviceApiLevel: 36, appium:deviceManufacturer: Google, appium:deviceModel: sdk_gphone64_x86_64, appium:deviceName: emulator-5554, appium:deviceScreenDensity: 420, appium:deviceScreenSize: 1080x2424, appium:deviceUDID: emulator-5554, appium:javascriptEnabled: true, appium:locationContextEnabled: false, appium:networkConnectionEnabled: true, appium:pixelRatio: 2.625, appium:platformVersion: 16, appium:statBarHeight: 137, appium:systemPort: 8201, appium:takesScreenshot: true, appium:viewportRect: {height: 2287, left: 0, top: 137, width: 1080}, appium:warnings: {}, appium:webStorageEnabled: false, platformName: ANDROID}
Session ID: cec9b32f-7245-4915-b46e-c038e6832780
at org.openqa.selenium.remote.ErrorCodec.decode(ErrorCodec.java:169)
at org.openqa.selenium.remote.codec.w3c.W3CHttpResponseCodec.decode(W3CHttpResponseCodec.java:142)
at org.openqa.selenium.remote.codec.w3c.W3CHttpResponseCodec.decode(W3CHttpResponseCodec.java:49)
at org.openqa.selenium.remote.HttpCommandExecutor.execute(HttpCommandExecutor.java:223)
at io.appium.java_client.remote.AppiumCommandExecutor.execute(AppiumCommandExecutor.java:243)
at org.openqa.selenium.remote.RemoteWebDriver.execute(RemoteWebDriver.java:604)
at org.openqa.selenium.remote.ElementLocation$ElementFinder$2.findElement(ElementLocation.java:166)
at org.openqa.selenium.remote.ElementLocation.findElement(ElementLocation.java:67)
at org.openqa.selenium.remote.RemoteWebDriver.findElement(RemoteWebDriver.java:427)
at org.openqa.selenium.remote.RemoteWebDriver.findElement(RemoteWebDriver.java:421)
at io.appium.java_client.pagefactory.bys.builder.ByChained.lambda$getSearchingFunction$0(ByChained.java:41)
at org.openqa.selenium.support.ui.FluentWait.until(FluentWait.java:209)
at io.appium.java_client.pagefactory.bys.builder.ByChained.findElement(ByChained.java:72)
at org.openqa.selenium.remote.ElementLocation$ElementFinder$1.findElement(ElementLocation.java:140)
at org.openqa.selenium.remote.ElementLocation.findElement(ElementLocation.java:82)
at org.openqa.selenium.remote.RemoteWebDriver.findElement(RemoteWebDriver.java:427)
at org.openqa.selenium.remote.RemoteWebDriver.findElement(RemoteWebDriver.java:421)
at io.appium.java_client.pagefactory.bys.ContentMappedBy.findElement(ContentMappedBy.java:54)
at org.openqa.selenium.remote.ElementLocation$ElementFinder$1.findElement(ElementLocation.java:140)
at org.openqa.selenium.remote.ElementLocation.findElement(ElementLocation.java:82)
at org.openqa.selenium.remote.RemoteWebDriver.findElement(RemoteWebDriver.java:427)
at org.openqa.selenium.remote.RemoteWebDriver.findElement(RemoteWebDriver.java:421)
at io.appium.java_client.pagefactory.AppiumElementLocator.lambda$findElement$1(AppiumElementLocator.java:160)
at io.appium.java_client.pagefactory.AppiumElementLocator$WaitingFunction.apply(AppiumElementLocator.java:217)
at io.appium.java_client.pagefactory.AppiumElementLocator$WaitingFunction.apply(AppiumElementLocator.java:210)
at org.openqa.selenium.support.ui.FluentWait.until(FluentWait.java:209)
at io.appium.java_client.pagefactory.AppiumElementLocator.waitFor(AppiumElementLocator.java:135)
at io.appium.java_client.pagefactory.AppiumElementLocator.findElement(AppiumElementLocator.java:160)
at io.appium.java_client.pagefactory.interceptors.InterceptorOfASingleElement.call(InterceptorOfASingleElement.java:74)
at io.appium.java_client.proxy.Interceptor.intercept(Interceptor.java:78)
at org.openqa.selenium.remote.RemoteWebElement$ByteBuddy$HdVIUJn7.sendKeys(Unknown Source)
at PageObjects.HomePage.EnterName(HomePage.java:60)
at TestCases.AddToCart.TestAddtoCart(AddToCart.java:20)
at java.base/java.util.concurrent.Executors$RunnableAdapter.call(Executors.java:572)
at java.base/java.util.concurrent.FutureTask.run(FutureTask.java:317)
at java.base/java.util.concurrent.ThreadPoolExecutor.runWorker(ThreadPoolExecutor.java:1144)
at java.base/java.util.concurrent.ThreadPoolExecutor$Worker.run(ThreadPoolExecutor.java:642)
at java.base/java.lang.Thread.run(Thread.java:1583)
... Removed 11 stack frames]]>
    </failure>
  </testcase> <!-- TestAddtoCart -->
  <testcase classname="TestCases.ValidateToastMessage" name="TestToastMessage" time="4.616"/>
</testsuite> <!-- AndroidDevice2Test -->
