<?xml version="1.0" encoding="UTF-8"?>
<!-- Generated by org.testng.reporters.JUnitXMLReporter -->
<testsuite ignored="0" hostname="Nitisha-PC" failures="0" tests="11" name="Test" time="329.993" errors="0" timestamp="2026-03-03T21:29:13 CST">
  <testcase classname="TestCases.LaunchApp" name="LaunchAppTest" time="3.92"/>
  <testcase classname="TestCases.LetsShop" name="TestLetsShop" time="7.906"/>
  <testcase classname="TestCases.LetsShop" name="TestLetsShop" time="8.169"/>
  <testcase classname="TestCases.LetsShop" name="TestLetsShop" time="7.693"/>
  <testcase classname="TestCases.LetsShop" name="TestLetsShop" time="8.113"/>
  <testcase classname="TestCases.LetsShop" name="TestLetsShop" time="7.714"/>
  <testcase classname="TestCases.CompletePurchase" name="TestCompletePurchase" time="72.216"/>
  <testcase classname="TestCases.AddToCart" name="TestAddtoCart" time="16.117"/>
  <testcase classname="TestCases.TermsAndConditions" name="TestTermsAndConditions" time="22.437"/>
  <testcase classname="TestCases.ShopSelectingUS" name="ShopSelectingUSTest" time="57.836"/>
  <testcase classname="TestCases.ValidateToastMessage" name="TestToastMessage" time="5.321"/>
</testsuite> <!-- Test -->
