<?xml version="1.0" encoding="UTF-8"?>
<!-- Generated by org.testng.reporters.JUnitXMLReporter -->
<testsuite ignored="0" hostname="Nitisha-PC" failures="0" tests="11" name="Android_Emulator_5556" time="397.063" errors="0" timestamp="2026-03-04T23:11:15 CST">
  <testcase classname="TestCases.LaunchApp" name="LaunchAppTest" time="4.298"/>
  <testcase classname="TestCases.LetsShop" name="TestLetsShop" time="8.544"/>
  <testcase classname="TestCases.LetsShop" name="TestLetsShop" time="7.68"/>
  <testcase classname="TestCases.LetsShop" name="TestLetsShop" time="8.63"/>
  <testcase classname="TestCases.LetsShop" name="TestLetsShop" time="7.93"/>
  <testcase classname="TestCases.LetsShop" name="TestLetsShop" time="7.858"/>
  <testcase classname="TestCases.CompletePurchase" name="TestCompletePurchase" time="77.308"/>
  <testcase classname="TestCases.AddToCart" name="TestAddtoCart" time="17.196"/>
  <testcase classname="TestCases.TermsAndConditions" name="TestTermsAndConditions" time="25.513"/>
  <testcase classname="TestCases.ShopSelectingUS" name="ShopSelectingUSTest" time="68.159"/>
  <testcase classname="TestCases.ValidateToastMessage" name="TestToastMessage" time="6.679"/>
</testsuite> <!-- Android_Emulator_5556 -->
