<?xml version="1.0" encoding="UTF-8"?>
<!-- Generated by org.testng.reporters.JUnitXMLReporter -->
<testsuite ignored="0" hostname="Nitisha-PC" failures="0" tests="11" name="Android_Emulator_5554" time="450.425" errors="0" timestamp="2026-03-04T23:21:50 CST">
  <testcase classname="TestBase.BaseClass" name="@BeforeMethod ConfigureAppium" time="71.536">
    <failure type="java.lang.RuntimeException" message="Driver setup failed">
      <![CDATA[java.lang.RuntimeException: Driver setup failed
at TestBase.BaseClass.ConfigureAppium(BaseClass.java:109)
at java.base/java.util.ArrayList.forEach(ArrayList.java:1596)
Caused by: org.openqa.selenium.SessionNotCreatedException: Could not start a new session. Response code 500. Message: Cannot start the 'com.androidsample.generalstore' application. Consider checking the driver's troubleshooting documentation. Original error: 'com.androidsample.generalstore.SplashActivity' never started. Consider checking the driver's troubleshooting documentation. 
Host info: host: 'NITISHA-PC', ip: '192.168.1.240'
Build info: version: '4.41.0', revision: '9fc754f'
System info: os.name: 'Windows 11', os.arch: 'amd64', os.version: '10.0', java.version: '21.0.9'
Driver info: io.appium.java_client.android.AndroidDriver
Command: [null, newSession {capabilities=[Capabilities {appium:app: C://Users//nitis//eclipse-w..., appium:automationName: UIAutomator2, appium:chromedriverExecutable: C://Drivers//Chromedrivers/..., appium:deviceName: emulator-5554, appium:systemPort: 8201, platformName: ANDROID}]}]
Capabilities {appium:app: C://Users//nitis//eclipse-w..., appium:automationName: UIAutomator2, appium:chromedriverExecutable: C://Drivers//Chromedrivers/..., appium:deviceName: emulator-5554, appium:systemPort: 8201, platformName: ANDROID}
at org.openqa.selenium.remote.ProtocolHandshake.createSession(ProtocolHandshake.java:114)
at org.openqa.selenium.remote.ProtocolHandshake.createSession(ProtocolHandshake.java:75)
at org.openqa.selenium.remote.ProtocolHandshake.createSession(ProtocolHandshake.java:61)
at io.appium.java_client.remote.AppiumCommandExecutor.createSession(AppiumCommandExecutor.java:178)
at io.appium.java_client.remote.AppiumCommandExecutor.execute(AppiumCommandExecutor.java:243)
at org.openqa.selenium.remote.RemoteWebDriver.execute(RemoteWebDriver.java:604)
at io.appium.java_client.AppiumDriver.startSession(AppiumDriver.java:308)
at org.openqa.selenium.remote.RemoteWebDriver.<init>(RemoteWebDriver.java:211)
at org.openqa.selenium.remote.RemoteWebDriver.<init>(RemoteWebDriver.java:197)
at io.appium.java_client.AppiumDriver.<init>(AppiumDriver.java:98)
at io.appium.java_client.AppiumDriver.<init>(AppiumDriver.java:109)
at io.appium.java_client.android.AndroidDriver.<init>(AndroidDriver.java:108)
at TestBase.BaseClass.ConfigureAppium(BaseClass.java:99)
... 34 more
... Removed 33 stack frames]]>
    </failure>
  </testcase> <!-- @BeforeMethod ConfigureAppium -->
  <testcase classname="TestBase.BaseClass" name="@AfterMethod tearDown" time="0.0">
    <skipped/>
  </testcase> <!-- @AfterMethod tearDown -->
  <testcase classname="TestCases.LaunchApp" name="LaunchAppTest" time="3.86"/>
  <testcase classname="TestCases.LetsShop" name="TestLetsShop" time="9.074"/>
  <testcase classname="TestCases.LetsShop" name="TestLetsShop" time="7.655"/>
  <testcase classname="TestCases.LetsShop" name="TestLetsShop" time="8.499"/>
  <testcase classname="TestCases.LetsShop" name="TestLetsShop" time="7.909"/>
  <testcase classname="TestCases.LetsShop" name="TestLetsShop" time="12.119"/>
  <testcase classname="TestCases.CompletePurchase" name="TestCompletePurchase" time="0.003">
    <skipped/>
  </testcase> <!-- TestCompletePurchase -->
  <testcase classname="TestCases.AddToCart" name="TestAddtoCart" time="27.586"/>
  <testcase classname="TestCases.TermsAndConditions" name="TestTermsAndConditions" time="31.351"/>
  <testcase classname="TestCases.ShopSelectingUS" name="ShopSelectingUSTest" time="63.394"/>
  <testcase classname="TestCases.ValidateToastMessage" name="TestToastMessage" time="3.963"/>
</testsuite> <!-- Android_Emulator_5554 -->
