<?xml version="1.0" encoding="UTF-8"?>
<!-- Generated by org.testng.reporters.JUnitXMLReporter -->
<testsuite ignored="0" hostname="Nitisha-PC" failures="0" tests="11" name="Android_Emulator_5556" time="143.684" errors="0" timestamp="2026-03-03T22:08:10 CST">
  <testcase classname="TestCases.LaunchApp" name="LaunchAppTest" time="0.0">
    <skipped/>
  </testcase> <!-- LaunchAppTest -->
  <testcase classname="TestCases.LetsShop" name="TestLetsShop" time="0.0">
    <skipped/>
  </testcase> <!-- TestLetsShop -->
  <testcase classname="TestCases.LetsShop" name="TestLetsShop" time="0.0">
    <skipped/>
  </testcase> <!-- TestLetsShop -->
  <testcase classname="TestCases.LetsShop" name="TestLetsShop" time="0.0">
    <skipped/>
  </testcase> <!-- TestLetsShop -->
  <testcase classname="TestCases.LetsShop" name="TestLetsShop" time="0.0">
    <skipped/>
  </testcase> <!-- TestLetsShop -->
  <testcase classname="TestCases.LetsShop" name="TestLetsShop" time="0.0">
    <skipped/>
  </testcase> <!-- TestLetsShop -->
  <testcase classname="TestCases.CompletePurchase" name="TestCompletePurchase" time="0.0">
    <skipped/>
  </testcase> <!-- TestCompletePurchase -->
  <testcase classname="TestCases.AddToCart" name="TestAddtoCart" time="0.0">
    <skipped/>
  </testcase> <!-- TestAddtoCart -->
  <testcase classname="TestCases.TermsAndConditions" name="TestTermsAndConditions" time="0.0">
    <skipped/>
  </testcase> <!-- TestTermsAndConditions -->
  <testcase classname="TestCases.ShopSelectingUS" name="ShopSelectingUSTest" time="0.001">
    <skipped/>
  </testcase> <!-- ShopSelectingUSTest -->
  <testcase classname="TestCases.ValidateToastMessage" name="TestToastMessage" time="0.0">
    <skipped/>
  </testcase> <!-- TestToastMessage -->
</testsuite> <!-- Android_Emulator_5556 -->
