<?xml version="1.0" encoding="UTF-8"?>
<testng-results ignored="12" total="22" passed="10" failed="0" skipped="0">
  <reporter-output>
  </reporter-output>
  <suite started-at="2026-03-04T22:16:50 CST" name="Suite" finished-at="2026-03-04T22:21:18 CST" duration-ms="268814">
    <groups>
      <group name="datadriven">
        <method signature="LetsShop.TestLetsShop(java.lang.String,java.lang.String)[pri:0, instance:TestCases.LetsShop@55787112]" name="TestLetsShop" class="TestCases.LetsShop"/>
        <method signature="LetsShop.TestLetsShop(java.lang.String,java.lang.String)[pri:0, instance:TestCases.LetsShop@180e6ac4]" name="TestLetsShop" class="TestCases.LetsShop"/>
      </group> <!-- datadriven -->
      <group name="regression">
        <method signature="LetsShop.TestLetsShop(java.lang.String,java.lang.String)[pri:0, instance:TestCases.LetsShop@55787112]" name="TestLetsShop" class="TestCases.LetsShop"/>
        <method signature="LetsShop.TestLetsShop(java.lang.String,java.lang.String)[pri:0, instance:TestCases.LetsShop@180e6ac4]" name="TestLetsShop" class="TestCases.LetsShop"/>
      </group> <!-- regression -->
      <group name="sanity">
        <method signature="LetsShop.TestLetsShop(java.lang.String,java.lang.String)[pri:0, instance:TestCases.LetsShop@55787112]" name="TestLetsShop" class="TestCases.LetsShop"/>
        <method signature="LetsShop.TestLetsShop(java.lang.String,java.lang.String)[pri:0, instance:TestCases.LetsShop@180e6ac4]" name="TestLetsShop" class="TestCases.LetsShop"/>
      </group> <!-- sanity -->
    </groups>
    <test started-at="2026-03-04T22:16:50 CST" name="Android_Emulator_5554" finished-at="2026-03-04T22:19:20 CST" duration-ms="150526">
      <class name="TestCases.LetsShop">
        <test-method is-config="true" signature="ConfigureAppium(java.lang.String,java.lang.String)[pri:0, instance:TestCases.LetsShop@55787112]" started-at="2026-03-04T22:16:53 CST" name="ConfigureAppium" finished-at="2026-03-04T22:17:20 CST" duration-ms="26773" status="PASS">
          <params>
            <param index="0">
              <value>
                <![CDATA[emulator-5554]]>
              </value>
            </param>
            <param index="1">
              <value>
                <![CDATA[8201]]>
              </value>
            </param>
          </params>
          <reporter-output>
          </reporter-output>
        </test-method> <!-- ConfigureAppium -->
        <test-method signature="TestLetsShop(java.lang.String,java.lang.String)[pri:0, instance:TestCases.LetsShop@55787112]" started-at="2026-03-04T22:17:20 CST" name="TestLetsShop" data-provider="LoginData" finished-at="2026-03-04T22:17:33 CST" duration-ms="12898" status="PASS">
          <params>
            <param index="0">
              <value>
                <![CDATA[smitasharma]]>
              </value>
            </param>
            <param index="1">
              <value>
                <![CDATA[Female]]>
              </value>
            </param>
          </params>
          <reporter-output>
          </reporter-output>
        </test-method> <!-- TestLetsShop -->
        <test-method is-config="true" signature="tearDown()[pri:0, instance:TestCases.LetsShop@55787112]" started-at="2026-03-04T22:17:33 CST" name="tearDown" finished-at="2026-03-04T22:17:37 CST" duration-ms="3969" status="PASS">
          <reporter-output>
          </reporter-output>
        </test-method> <!-- tearDown -->
        <test-method is-config="true" signature="ConfigureAppium(java.lang.String,java.lang.String)[pri:0, instance:TestCases.LetsShop@55787112]" started-at="2026-03-04T22:17:37 CST" name="ConfigureAppium" finished-at="2026-03-04T22:17:56 CST" duration-ms="19609" status="PASS">
          <params>
            <param index="0">
              <value>
                <![CDATA[emulator-5554]]>
              </value>
            </param>
            <param index="1">
              <value>
                <![CDATA[8201]]>
              </value>
            </param>
          </params>
          <reporter-output>
          </reporter-output>
        </test-method> <!-- ConfigureAppium -->
        <test-method signature="TestLetsShop(java.lang.String,java.lang.String)[pri:0, instance:TestCases.LetsShop@55787112]" started-at="2026-03-04T22:17:56 CST" name="TestLetsShop" data-provider="LoginData" finished-at="2026-03-04T22:18:05 CST" duration-ms="8195" status="PASS">
          <params>
            <param index="0">
              <value>
                <![CDATA[Mona]]>
              </value>
            </param>
            <param index="1">
              <value>
                <![CDATA[Female]]>
              </value>
            </param>
          </params>
          <reporter-output>
          </reporter-output>
        </test-method> <!-- TestLetsShop -->
        <test-method is-config="true" signature="tearDown()[pri:0, instance:TestCases.LetsShop@55787112]" started-at="2026-03-04T22:18:05 CST" name="tearDown" finished-at="2026-03-04T22:18:06 CST" duration-ms="1719" status="PASS">
          <reporter-output>
          </reporter-output>
        </test-method> <!-- tearDown -->
        <test-method is-config="true" signature="ConfigureAppium(java.lang.String,java.lang.String)[pri:0, instance:TestCases.LetsShop@55787112]" started-at="2026-03-04T22:18:06 CST" name="ConfigureAppium" finished-at="2026-03-04T22:18:19 CST" duration-ms="12246" status="PASS">
          <params>
            <param index="0">
              <value>
                <![CDATA[emulator-5554]]>
              </value>
            </param>
            <param index="1">
              <value>
                <![CDATA[8201]]>
              </value>
            </param>
          </params>
          <reporter-output>
          </reporter-output>
        </test-method> <!-- ConfigureAppium -->
        <test-method signature="TestLetsShop(java.lang.String,java.lang.String)[pri:0, instance:TestCases.LetsShop@55787112]" started-at="2026-03-04T22:18:19 CST" name="TestLetsShop" data-provider="LoginData" finished-at="2026-03-04T22:18:27 CST" duration-ms="8770" status="PASS">
          <params>
            <param index="0">
              <value>
                <![CDATA[sid]]>
              </value>
            </param>
            <param index="1">
              <value>
                <![CDATA[Male]]>
              </value>
            </param>
          </params>
          <reporter-output>
          </reporter-output>
        </test-method> <!-- TestLetsShop -->
        <test-method is-config="true" signature="tearDown()[pri:0, instance:TestCases.LetsShop@55787112]" started-at="2026-03-04T22:18:27 CST" name="tearDown" finished-at="2026-03-04T22:18:30 CST" duration-ms="2325" status="PASS">
          <reporter-output>
          </reporter-output>
        </test-method> <!-- tearDown -->
        <test-method is-config="true" signature="ConfigureAppium(java.lang.String,java.lang.String)[pri:0, instance:TestCases.LetsShop@55787112]" started-at="2026-03-04T22:18:30 CST" name="ConfigureAppium" finished-at="2026-03-04T22:18:46 CST" duration-ms="16370" status="PASS">
          <params>
            <param index="0">
              <value>
                <![CDATA[emulator-5554]]>
              </value>
            </param>
            <param index="1">
              <value>
                <![CDATA[8201]]>
              </value>
            </param>
          </params>
          <reporter-output>
          </reporter-output>
        </test-method> <!-- ConfigureAppium -->
        <test-method signature="TestLetsShop(java.lang.String,java.lang.String)[pri:0, instance:TestCases.LetsShop@55787112]" started-at="2026-03-04T22:18:46 CST" name="TestLetsShop" data-provider="LoginData" finished-at="2026-03-04T22:18:54 CST" duration-ms="7956" status="PASS">
          <params>
            <param index="0">
              <value>
                <![CDATA[John]]>
              </value>
            </param>
            <param index="1">
              <value>
                <![CDATA[Male]]>
              </value>
            </param>
          </params>
          <reporter-output>
          </reporter-output>
        </test-method> <!-- TestLetsShop -->
        <test-method is-config="true" signature="tearDown()[pri:0, instance:TestCases.LetsShop@55787112]" started-at="2026-03-04T22:18:54 CST" name="tearDown" finished-at="2026-03-04T22:18:56 CST" duration-ms="1777" status="PASS">
          <reporter-output>
          </reporter-output>
        </test-method> <!-- tearDown -->
        <test-method is-config="true" signature="ConfigureAppium(java.lang.String,java.lang.String)[pri:0, instance:TestCases.LetsShop@55787112]" started-at="2026-03-04T22:18:56 CST" name="ConfigureAppium" finished-at="2026-03-04T22:19:11 CST" duration-ms="15317" status="PASS">
          <params>
            <param index="0">
              <value>
                <![CDATA[emulator-5554]]>
              </value>
            </param>
            <param index="1">
              <value>
                <![CDATA[8201]]>
              </value>
            </param>
          </params>
          <reporter-output>
          </reporter-output>
        </test-method> <!-- ConfigureAppium -->
        <test-method signature="TestLetsShop(java.lang.String,java.lang.String)[pri:0, instance:TestCases.LetsShop@55787112]" started-at="2026-03-04T22:19:11 CST" name="TestLetsShop" data-provider="LoginData" finished-at="2026-03-04T22:19:19 CST" duration-ms="7770" status="PASS">
          <params>
            <param index="0">
              <value>
                <![CDATA[hichamkhachiai]]>
              </value>
            </param>
            <param index="1">
              <value>
                <![CDATA[Female]]>
              </value>
            </param>
          </params>
          <reporter-output>
          </reporter-output>
        </test-method> <!-- TestLetsShop -->
        <test-method is-config="true" signature="tearDown()[pri:0, instance:TestCases.LetsShop@55787112]" started-at="2026-03-04T22:19:19 CST" name="tearDown" finished-at="2026-03-04T22:19:20 CST" duration-ms="1256" status="PASS">
          <reporter-output>
          </reporter-output>
        </test-method> <!-- tearDown -->
      </class> <!-- TestCases.LetsShop -->
    </test> <!-- Android_Emulator_5554 -->
    <test started-at="2026-03-04T22:19:21 CST" name="Android_Emulator_5556" finished-at="2026-03-04T22:21:18 CST" duration-ms="117273">
      <class name="TestCases.LetsShop">
        <test-method is-config="true" signature="ConfigureAppium(java.lang.String,java.lang.String)[pri:0, instance:TestCases.LetsShop@180e6ac4]" started-at="2026-03-04T22:19:22 CST" name="ConfigureAppium" finished-at="2026-03-04T22:19:32 CST" duration-ms="10213" status="PASS">
          <params>
            <param index="0">
              <value>
                <![CDATA[emulator-5556]]>
              </value>
            </param>
            <param index="1">
              <value>
                <![CDATA[8202]]>
              </value>
            </param>
          </params>
          <reporter-output>
          </reporter-output>
        </test-method> <!-- ConfigureAppium -->
        <test-method signature="TestLetsShop(java.lang.String,java.lang.String)[pri:0, instance:TestCases.LetsShop@180e6ac4]" started-at="2026-03-04T22:19:32 CST" name="TestLetsShop" data-provider="LoginData" finished-at="2026-03-04T22:19:40 CST" duration-ms="7742" status="PASS">
          <params>
            <param index="0">
              <value>
                <![CDATA[smitasharma]]>
              </value>
            </param>
            <param index="1">
              <value>
                <![CDATA[Female]]>
              </value>
            </param>
          </params>
          <reporter-output>
          </reporter-output>
        </test-method> <!-- TestLetsShop -->
        <test-method is-config="true" signature="tearDown()[pri:0, instance:TestCases.LetsShop@180e6ac4]" started-at="2026-03-04T22:19:40 CST" name="tearDown" finished-at="2026-03-04T22:19:41 CST" duration-ms="1440" status="PASS">
          <reporter-output>
          </reporter-output>
        </test-method> <!-- tearDown -->
        <test-method is-config="true" signature="ConfigureAppium(java.lang.String,java.lang.String)[pri:0, instance:TestCases.LetsShop@180e6ac4]" started-at="2026-03-04T22:19:41 CST" name="ConfigureAppium" finished-at="2026-03-04T22:19:52 CST" duration-ms="10686" status="PASS">
          <params>
            <param index="0">
              <value>
                <![CDATA[emulator-5556]]>
              </value>
            </param>
            <param index="1">
              <value>
                <![CDATA[8202]]>
              </value>
            </param>
          </params>
          <reporter-output>
          </reporter-output>
        </test-method> <!-- ConfigureAppium -->
        <test-method signature="TestLetsShop(java.lang.String,java.lang.String)[pri:0, instance:TestCases.LetsShop@180e6ac4]" started-at="2026-03-04T22:19:52 CST" name="TestLetsShop" data-provider="LoginData" finished-at="2026-03-04T22:20:00 CST" duration-ms="8108" status="PASS">
          <params>
            <param index="0">
              <value>
                <![CDATA[Mona]]>
              </value>
            </param>
            <param index="1">
              <value>
                <![CDATA[Female]]>
              </value>
            </param>
          </params>
          <reporter-output>
          </reporter-output>
        </test-method> <!-- TestLetsShop -->
        <test-method is-config="true" signature="tearDown()[pri:0, instance:TestCases.LetsShop@180e6ac4]" started-at="2026-03-04T22:20:00 CST" name="tearDown" finished-at="2026-03-04T22:20:01 CST" duration-ms="1629" status="PASS">
          <reporter-output>
          </reporter-output>
        </test-method> <!-- tearDown -->
        <test-method is-config="true" signature="ConfigureAppium(java.lang.String,java.lang.String)[pri:0, instance:TestCases.LetsShop@180e6ac4]" started-at="2026-03-04T22:20:01 CST" name="ConfigureAppium" finished-at="2026-03-04T22:20:12 CST" duration-ms="10619" status="PASS">
          <params>
            <param index="0">
              <value>
                <![CDATA[emulator-5556]]>
              </value>
            </param>
            <param index="1">
              <value>
                <![CDATA[8202]]>
              </value>
            </param>
          </params>
          <reporter-output>
          </reporter-output>
        </test-method> <!-- ConfigureAppium -->
        <test-method signature="TestLetsShop(java.lang.String,java.lang.String)[pri:0, instance:TestCases.LetsShop@180e6ac4]" started-at="2026-03-04T22:20:12 CST" name="TestLetsShop" data-provider="LoginData" finished-at="2026-03-04T22:20:20 CST" duration-ms="8154" status="PASS">
          <params>
            <param index="0">
              <value>
                <![CDATA[sid]]>
              </value>
            </param>
            <param index="1">
              <value>
                <![CDATA[Male]]>
              </value>
            </param>
          </params>
          <reporter-output>
          </reporter-output>
        </test-method> <!-- TestLetsShop -->
        <test-method is-config="true" signature="tearDown()[pri:0, instance:TestCases.LetsShop@180e6ac4]" started-at="2026-03-04T22:20:20 CST" name="tearDown" finished-at="2026-03-04T22:20:23 CST" duration-ms="2344" status="PASS">
          <reporter-output>
          </reporter-output>
        </test-method> <!-- tearDown -->
        <test-method is-config="true" signature="ConfigureAppium(java.lang.String,java.lang.String)[pri:0, instance:TestCases.LetsShop@180e6ac4]" started-at="2026-03-04T22:20:23 CST" name="ConfigureAppium" finished-at="2026-03-04T22:20:37 CST" duration-ms="14561" status="PASS">
          <params>
            <param index="0">
              <value>
                <![CDATA[emulator-5556]]>
              </value>
            </param>
            <param index="1">
              <value>
                <![CDATA[8202]]>
              </value>
            </param>
          </params>
          <reporter-output>
          </reporter-output>
        </test-method> <!-- ConfigureAppium -->
        <test-method signature="TestLetsShop(java.lang.String,java.lang.String)[pri:0, instance:TestCases.LetsShop@180e6ac4]" started-at="2026-03-04T22:20:37 CST" name="TestLetsShop" data-provider="LoginData" finished-at="2026-03-04T22:20:46 CST" duration-ms="8385" status="PASS">
          <params>
            <param index="0">
              <value>
                <![CDATA[John]]>
              </value>
            </param>
            <param index="1">
              <value>
                <![CDATA[Male]]>
              </value>
            </param>
          </params>
          <reporter-output>
          </reporter-output>
        </test-method> <!-- TestLetsShop -->
        <test-method is-config="true" signature="tearDown()[pri:0, instance:TestCases.LetsShop@180e6ac4]" started-at="2026-03-04T22:20:46 CST" name="tearDown" finished-at="2026-03-04T22:20:47 CST" duration-ms="1516" status="PASS">
          <reporter-output>
          </reporter-output>
        </test-method> <!-- tearDown -->
        <test-method is-config="true" signature="ConfigureAppium(java.lang.String,java.lang.String)[pri:0, instance:TestCases.LetsShop@180e6ac4]" started-at="2026-03-04T22:20:47 CST" name="ConfigureAppium" finished-at="2026-03-04T22:21:06 CST" duration-ms="18986" status="PASS">
          <params>
            <param index="0">
              <value>
                <![CDATA[emulator-5556]]>
              </value>
            </param>
            <param index="1">
              <value>
                <![CDATA[8202]]>
              </value>
            </param>
          </params>
          <reporter-output>
          </reporter-output>
        </test-method> <!-- ConfigureAppium -->
        <test-method signature="TestLetsShop(java.lang.String,java.lang.String)[pri:0, instance:TestCases.LetsShop@180e6ac4]" started-at="2026-03-04T22:21:06 CST" name="TestLetsShop" data-provider="LoginData" finished-at="2026-03-04T22:21:15 CST" duration-ms="9441" status="PASS">
          <params>
            <param index="0">
              <value>
                <![CDATA[hichamkhachiai]]>
              </value>
            </param>
            <param index="1">
              <value>
                <![CDATA[Female]]>
              </value>
            </param>
          </params>
          <reporter-output>
          </reporter-output>
        </test-method> <!-- TestLetsShop -->
        <test-method is-config="true" signature="tearDown()[pri:0, instance:TestCases.LetsShop@180e6ac4]" started-at="2026-03-04T22:21:15 CST" name="tearDown" finished-at="2026-03-04T22:21:18 CST" duration-ms="3025" status="PASS">
          <reporter-output>
          </reporter-output>
        </test-method> <!-- tearDown -->
      </class> <!-- TestCases.LetsShop -->
    </test> <!-- Android_Emulator_5556 -->
  </suite> <!-- Suite -->
</testng-results>
