<?xml version="1.0" encoding="UTF-8"?>
<!-- Generated by org.testng.reporters.JUnitReportReporter -->
<testsuite hostname="Nitisha-PC" failures="0" tests="10" name="TestCases.LetsShop" time="263.799" errors="0" timestamp="2026-03-04T22:21:19 CST" skipped="0">
  <testcase classname="TestCases.LetsShop" name="TestLetsShop" time="27.481"/>
  <testcase classname="TestCases.LetsShop" name="TestLetsShop" time="24.575"/>
  <testcase classname="TestCases.LetsShop" name="TestLetsShop" time="41.448"/>
  <testcase classname="TestCases.LetsShop" name="TestLetsShop" time="21.735"/>
  <testcase classname="TestCases.LetsShop" name="TestLetsShop" time="21.184"/>
  <testcase classname="TestCases.LetsShop" name="TestLetsShop" time="28.821"/>
  <testcase classname="TestCases.LetsShop" name="TestLetsShop" time="21.346"/>
  <testcase classname="TestCases.LetsShop" name="TestLetsShop" time="19.801"/>
  <testcase classname="TestCases.LetsShop" name="TestLetsShop" time="29.943"/>
  <testcase classname="TestCases.LetsShop" name="TestLetsShop" time="27.465"/>
</testsuite> <!-- TestCases.LetsShop -->
