<?xml version="1.0" encoding="UTF-8"?>
<!-- Generated by org.testng.reporters.JUnitReportReporter -->
<testsuite hostname="Nitisha-PC" failures="0" tests="2" name="TestCases.ValidateToastMessage" time="29.363" errors="0" timestamp="2026-03-04T17:40:45 CST" skipped="0">
  <testcase classname="TestCases.ValidateToastMessage" name="TestToastMessage" time="14.157"/>
  <testcase classname="TestCases.ValidateToastMessage" name="TestToastMessage" time="15.206"/>
</testsuite> <!-- TestCases.ValidateToastMessage -->
