<?xml version="1.0" encoding="UTF-8"?>
<!-- Generated by org.testng.reporters.JUnitReportReporter -->
<testsuite hostname="Nitisha-PC" failures="0" tests="2" name="TestCases.TermsAndConditions" time="61.486" errors="0" timestamp="2026-03-04T17:40:45 CST" skipped="0">
  <testcase classname="TestCases.TermsAndConditions" name="TestTermsAndConditions" time="30.672"/>
  <testcase classname="TestCases.TermsAndConditions" name="TestTermsAndConditions" time="30.814"/>
</testsuite> <!-- TestCases.TermsAndConditions -->
