<?xml version="1.0" encoding="UTF-8"?>
<!-- Generated by org.testng.reporters.JUnitReportReporter -->
<testsuite hostname="Nitisha-PC" failures="0" tests="2" name="TestCases.ShopSelectingUS" time="136.711" errors="0" timestamp="2026-03-04T17:40:45 CST" skipped="0">
  <testcase classname="TestCases.ShopSelectingUS" name="ShopSelectingUSTest" time="67.807"/>
  <testcase classname="TestCases.ShopSelectingUS" name="ShopSelectingUSTest" time="68.904"/>
</testsuite> <!-- TestCases.ShopSelectingUS -->
