<?xml version="1.0" encoding="UTF-8"?>
<!-- Generated by org.testng.reporters.JUnitReportReporter -->
<testsuite hostname="Nitisha-PC" failures="0" tests="2" name="TestCases.CompletePurchase" time="165.529" errors="0" timestamp="2026-03-04T17:40:45 CST" skipped="0">
  <testcase classname="TestCases.CompletePurchase" name="TestCompletePurchase" time="86.906"/>
  <testcase classname="TestCases.CompletePurchase" name="TestCompletePurchase" time="78.623"/>
</testsuite> <!-- TestCases.CompletePurchase -->
