<?xml version="1.0" encoding="UTF-8"?>
<!-- Generated by org.testng.reporters.JUnitReportReporter -->
<testsuite hostname="Nitisha-PC" failures="0" tests="2" name="TestCases.TermsAndConditions" time="78.389" errors="0" timestamp="2026-03-04T23:11:15 CST" skipped="0">
  <testcase classname="TestCases.TermsAndConditions" name="TestTermsAndConditions" time="39.430"/>
  <testcase classname="TestCases.TermsAndConditions" name="TestTermsAndConditions" time="38.959"/>
</testsuite> <!-- TestCases.TermsAndConditions -->
