<?xml version="1.0" encoding="UTF-8"?>
<!-- Generated by org.testng.reporters.JUnitReportReporter -->
<testsuite hostname="Nitisha-PC" failures="0" tests="2" name="TestCases.ShopSelectingUS" time="168.320" errors="0" timestamp="2026-03-04T23:11:15 CST" skipped="0">
  <testcase classname="TestCases.ShopSelectingUS" name="ShopSelectingUSTest" time="82.926"/>
  <testcase classname="TestCases.ShopSelectingUS" name="ShopSelectingUSTest" time="85.394"/>
</testsuite> <!-- TestCases.ShopSelectingUS -->
