<?xml version="1.0" encoding="UTF-8"?>
<!-- Generated by org.testng.reporters.JUnitReportReporter -->
<testsuite hostname="Nitisha-PC" failures="0" tests="2" name="TestCases.CompletePurchase" time="187.886" errors="0" timestamp="2026-03-04T23:11:15 CST" skipped="0">
  <testcase classname="TestCases.CompletePurchase" name="TestCompletePurchase" time="96.409"/>
  <testcase classname="TestCases.CompletePurchase" name="TestCompletePurchase" time="91.477"/>
</testsuite> <!-- TestCases.CompletePurchase -->
