<?xml version="1.0" encoding="UTF-8"?>
<!-- Generated by org.testng.reporters.JUnitReportReporter -->
<testsuite hostname="Nitisha-PC" failures="0" tests="2" name="TestCases.ValidateToastMessage" time="43.355" errors="0" timestamp="2026-03-04T23:11:15 CST" skipped="0">
  <testcase classname="TestCases.ValidateToastMessage" name="TestToastMessage" time="21.970"/>
  <testcase classname="TestCases.ValidateToastMessage" name="TestToastMessage" time="21.385"/>
</testsuite> <!-- TestCases.ValidateToastMessage -->
