<?xml version="1.0" encoding="UTF-8"?>
<!-- Generated by org.testng.reporters.JUnitReportReporter -->
<testsuite hostname="Nitisha-PC" failures="0" tests="10" name="TestCases.LetsShop" time="221.779" errors="0" timestamp="2026-03-04T23:11:15 CST" skipped="0">
  <testcase classname="TestCases.LetsShop" name="TestLetsShop" time="20.998"/>
  <testcase classname="TestCases.LetsShop" name="TestLetsShop" time="22.400"/>
  <testcase classname="TestCases.LetsShop" name="TestLetsShop" time="23.259"/>
  <testcase classname="TestCases.LetsShop" name="TestLetsShop" time="21.311"/>
  <testcase classname="TestCases.LetsShop" name="TestLetsShop" time="20.586"/>
  <testcase classname="TestCases.LetsShop" name="TestLetsShop" time="22.401"/>
  <testcase classname="TestCases.LetsShop" name="TestLetsShop" time="21.427"/>
  <testcase classname="TestCases.LetsShop" name="TestLetsShop" time="21.463"/>
  <testcase classname="TestCases.LetsShop" name="TestLetsShop" time="24.568"/>
  <testcase classname="TestCases.LetsShop" name="TestLetsShop" time="23.366"/>
</testsuite> <!-- TestCases.LetsShop -->
